<?xml version="1.0" encoding="UTF-8" ?>
<testsuite errors="0" failures="1" hostname="BOSS" name="com.sapienter.jbilling.server.order.WSTest" tests="19" time="33.298" timestamp="2015-01-14T08:38:19">
  <properties>
[...]
</properties>
  <testcase classname="com.sapienter.jbilling.server.order.WSTest" name="testcreateOrderAndInvoiceAutoCreatesAnInvoice" time="12.264" />
  <testcase classname="com.sapienter.jbilling.server.order.WSTest" name="testCreateNotActiveOrderDoesNotCreateInvoices" time="0.426" />
  <testcase classname="com.sapienter.jbilling.server.order.WSTest" name="testCreatedOrderIsCorrect" time="0.523" />
  <testcase classname="com.sapienter.jbilling.server.order.WSTest" name="testAutoCreatedInvoiceIsCorrect" time="0.49" />
  <testcase classname="com.sapienter.jbilling.server.order.WSTest" name="testAutoCreatedInvoiceIsPayable" time="1.67" />
  <testcase classname="com.sapienter.jbilling.server.order.WSTest" name="testEmptyInvoiceIsNotPayable" time="0.269" />
  <testcase classname="com.sapienter.jbilling.server.order.WSTest" name="testCreateUpdateDelete" time="6.874" />
  <testcase classname="com.sapienter.jbilling.server.order.WSTest" name="testUpdateLines" time="0.59" />
  <testcase classname="com.sapienter.jbilling.server.order.WSTest" name="testRecreate" time="0.391" />
  <testcase classname="com.sapienter.jbilling.server.order.WSTest" name="testRefundAndCancelFee" time="2.986" />
  <testcase classname="com.sapienter.jbilling.server.order.WSTest" name="testDefaultCycleStart" time="1.026" />
  <testcase classname="com.sapienter.jbilling.server.order.WSTest" name="testPlan" time="0.416" />
  <testcase classname="com.sapienter.jbilling.server.order.WSTest" name="testInternalEventsRulesTask" time="0.895" />
  <testcase classname="com.sapienter.jbilling.server.order.WSTest" name="testCurrentOrder" time="2.929" />
  <testcase classname="com.sapienter.jbilling.server.order.WSTest" name="testIsUserSubscribedTo" time="0.073" />
  <testcase classname="com.sapienter.jbilling.server.order.WSTest" name="testGetUserItemsByCategory" time="0.084" />
  <testcase classname="com.sapienter.jbilling.server.order.WSTest" name="testMainOrder" time="0.567" />
  <testcase classname="com.sapienter.jbilling.server.order.WSTest" name="testOrderLineDescriptionLanguage" time="0.393" />
  <testcase classname="com.sapienter.jbilling.server.order.WSTest" name="testItemSwappingRules" time="0.214">
    <failure message="Order should have the included in plan line expected:&lt;2601&gt; but was:&lt;2602&gt;" type="junit.framework.AssertionFailedError">junit.framework.AssertionFailedError: Order should have the included in plan line expected:&lt;2601&gt; but was:&lt;2602&gt;
	at com.sapienter.jbilling.server.order.WSTest.testItemSwappingRules(WSTest.java:1222)
</failure>
  </testcase>
  <system-out><![CDATA[Creating order ...
Created invoice 8607
Getting created order 107908
Getting bad order line
Getting created order line
Updating bad order line
Update order line 208117
Delete order line
pausing for 2000 ms...
Updating order...
Updating bad order...
Getting updated order 
Getting latest
Getting latest invalid
Getting last 5 ... 
Getting last 5 - invalid
Deleteing order 107908
Getting deleted order 
Getting orders by period for invalid user 107908
Getting orders by period 
Got total orders 13 first is 1
Create an order with pre-authorization107908
Order pre-authorized. Approval code = null
pausing for 2000 ms...
Getting latest
Order created with ID = 107909
Deleteing order 107909
Got order with 1 lines
Adding one order line
Got updated order with 2 lines
lines now 3
Adding another order line
Got updated order with 3 lines
Creating order ...
Updating quantities of order ...
Getting last 3 orders ...
Creating order ...
Getting last 2 orders ...
Creating main subscription order ...
Creating test order ...
Creating test order ...
Creating test order ...
Creating plan order ...
Making current order 'finished'
Sending event again
Gandalf's main order = 1055
Gandalf's new main order = 1
Testing item swapping - included in plan
]]></system-out>
  <system-err><![CDATA[log4j:WARN No appenders could be found for logger (org.springframework.context.support.ClassPathXmlApplicationContext).
log4j:WARN Please initialize the log4j system properly.
]]></system-err>
</testsuite>
